
> nikat-frontend@0.0.0 build
> ng build

node.exe : Node.js version v25.1.0 
detected.
At line:1 char:1
+ & "C:\Program 
Files\nodejs/node.exe" "C:\Program 
Files\nodejs/node_mo ...
+ ~~~~~~~~~~~~~~~~~~~~~~~~~~~~~~~~~~~~
~~~~~~~~~~~~~~~~~~~~~~~~~~~~~~~~~
    + CategoryInfo          : NotSpec 
   ified: (Node.js version v25.1.0 d  
  etected.:String) [], RemoteExcept   
 ion
    + FullyQualifiedErrorId : NativeC 
   ommandError
 
Odd numbered Node.js versions will 
not enter LTS status and should not 
be used for production. For more 
information, please see https://nodejs
.org/en/about/previous-releases/.
[33mΓ¥»[39m Building...
[32mΓ£ö[39m Building...
Application bundle generation failed. [2.401 seconds]

[1m[31m[31mX 
[41;31m[[41;97mERROR[41;31m][0m 
[1mNG5002: Incomplete block 
"example". If you meant to write the 
@ character, you should use the 
"&#64;" HTML entity instead.[0m 
[1m[35m[plugin angular-compiler][0m

    src/app/user-dashboard/user-dashbo
ard.component.html:17:39:
[37m      17 Γöé         
<p><strong>Email:</strong> 
john[32m@example[37m.com</p>
         Γò╡                          
              [32m~~~~~~~~[0m

  Error occurs in the template of 
component UserDashboardComponent.

    src/app/user-dashboard/user-dashbo
ard.component.ts:6:15:
[37m      6 Γöé   templateUrl: [32m'
./user-dashboard.component.html'[37m,
        Γò╡                [32m~~~~~~
~~~~~~~~~~~~~~~~~~~~~~~~~~~[0m

[39m[22m
