#
# There is insufficient memory for the Java Runtime Environment to continue.
# Native memory allocation (malloc) failed to allocate 1048576 bytes. Error detail: AllocateHeap
# Possible reasons:
#   The system is out of physical RAM or swap space
#   This process is running with CompressedOops enabled, and the Java Heap may be blocking the growth of the native heap
# Possible solutions:
#   Reduce memory load on the system
#   Increase physical memory or swap space
#   Check if swap backing store is full
#   Decrease Java heap size (-Xmx/-Xms)
#   Decrease number of Java threads
#   Decrease Java thread stack sizes (-Xss)
#   Set larger code cache with -XX:ReservedCodeCacheSize=
#   JVM is running with Unscaled Compressed Oops mode in which the Java heap is
#     placed in the first 4GB address space. The Java Heap base address is the
#     maximum limit for the native heap growth. Please use -XX:HeapBaseMinAddress
#     to set the Java Heap base and to place the Java Heap above 4GB virtual address.
# This output file may be truncated or incomplete.
#
#  Out of Memory Error (allocation.cpp:44), pid=24900, tid=25024
#
# JRE version: OpenJDK Runtime Environment Temurin-21.0.9+10 (21.0.9+10) (build 21.0.9+10-LTS)
# Java VM: OpenJDK 64-Bit Server VM Temurin-21.0.9+10 (21.0.9+10-LTS, mixed mode, sharing, tiered, compressed oops, compressed class ptrs, parallel gc, windows-amd64)
# No core dump will be written. Minidumps are not enabled by default on client versions of Windows
#

---------------  S U M M A R Y ------------

Command Line: --add-modules=ALL-SYSTEM --add-opens=java.base/java.util=ALL-UNNAMED --add-opens=java.base/java.lang=ALL-UNNAMED --add-opens=java.base/sun.nio.fs=ALL-UNNAMED -Declipse.application=org.eclipse.jdt.ls.core.id1 -Dosgi.bundles.defaultStartLevel=4 -Declipse.product=org.eclipse.jdt.ls.core.product -Djava.import.generatesMetadataFilesAtProjectRoot=false -DDetectVMInstallationsJob.disabled=true -Dfile.encoding=utf8 -XX:+UseParallelGC -XX:GCTimeRatio=4 -XX:AdaptiveSizePolicyWeight=90 -Dsun.zip.disableMemoryMapping=true -Xmx2G -Xms100m -Xlog:disable -javaagent:c:\Users\umesh\.antigravity\extensions\redhat.java-1.52.0-win32-x64\lombok\lombok-1.18.39-4050.jar -XX:+HeapDumpOnOutOfMemoryError -XX:HeapDumpPath=c:\Users\umesh\AppData\Roaming\Antigravity\User\workspaceStorage\0bbc2a3eadc450d6a7a14c402e593b80\redhat.java -Daether.dependencyCollector.impl=bf c:\Users\umesh\.antigravity\extensions\redhat.java-1.52.0-win32-x64\server\plugins\org.eclipse.equinox.launcher_1.7.100.v20251111-0406.jar -configuration c:\Users\umesh\AppData\Roaming\Antigravity\User\globalStorage\redhat.java\1.52.0\config_win -data c:\Users\umesh\AppData\Roaming\Antigravity\User\workspaceStorage\0bbc2a3eadc450d6a7a14c402e593b80\redhat.java\jdt_ws --pipe=\\.\pipe\lsp-d4d78a76ec6530f45d9ac5e73cbbdb8f-sock

Host: AMD Ryzen 5 5600H with Radeon Graphics         , 12 cores, 15G,  Windows 11 , 64 bit Build 26100 (10.0.26100.7920)
Time: Thu Mar 26 03:07:55 2026 India Standard Time elapsed time: 13823.296466 seconds (0d 3h 50m 23s)

---------------  T H R E A D  ---------------

Current thread (0x000001fd4366a930):  JavaThread "Attach Listener" daemon [_thread_in_vm, id=25024, stack(0x0000006e06200000,0x0000006e06300000) (1024K)]

Stack: [0x0000006e06200000,0x0000006e06300000]
Native frames: (J=compiled Java code, j=interpreted, Vv=VM code, C=native code)
V  [jvm.dll+0x6d6e29]
V  [jvm.dll+0x8b4b76]
V  [jvm.dll+0x8b712e]
V  [jvm.dll+0x8b7813]
V  [jvm.dll+0x283d86]
V  [jvm.dll+0xc1277]
V  [jvm.dll+0x6d76d9]
V  [jvm.dll+0x133466]
V  [jvm.dll+0x3f7ea6]
V  [jvm.dll+0x85e9ad]
V  [jvm.dll+0x6d565d]
C  [ucrtbase.dll+0x37b0]
C  [KERNEL32.DLL+0x2e8d7]
C  [ntdll.dll+0x8c48c]


---------------  P R O C E S S  ---------------

Threads class SMR info:
_java_thread_list=0x000001fd4c8380f0, length=54, elements={
0x000001fd67527470, 0x000001fd436644b0, 0x000001fd005fe130, 0x000001fd436679d0,
0x000001fd4366a930, 0x000001fd4366c840, 0x000001fd43672e70, 0x000001fd4367a570,
0x000001fd4369a6e0, 0x000001fd43864d40, 0x000001fd439ca810, 0x000001fd4849dd80,
0x000001fd48a23cb0, 0x000001fd487e81d0, 0x000001fd487e8830, 0x000001fd48b8f6e0,
0x000001fd48afb020, 0x000001fd48d55030, 0x000001fd49095930, 0x000001fd491b3dd0,
0x000001fd491b1d00, 0x000001fd491b1670, 0x000001fd491b30b0, 0x000001fd4b947080,
0x000001fd4b948ac0, 0x000001fd4b949150, 0x000001fd4b947710, 0x000001fd4b947da0,
0x000001fd4b945cd0, 0x000001fd4b9497e0, 0x000001fd4b948430, 0x000001fd4b946360,
0x000001fd4b9469f0, 0x000001fd4b94c5d0, 0x000001fd4b949e70, 0x000001fd4b94bf40,
0x000001fd4b2ac850, 0x000001fd53e62740, 0x000001fd53e63460, 0x000001fd53e66f70,
0x000001fd53e64ea0, 0x000001fd53e65bc0, 0x000001fd53e64180, 0x000001fd53e62dd0,
0x000001fd53e67c90, 0x000001fd53e668e0, 0x000001fd53e69040, 0x000001fd53e696d0,
0x000001fd48bbd160, 0x000001fd48bbf230, 0x000001fd48bbd7f0, 0x000001fd48bbff50,
0x000001fd48bbcad0, 0x000001fd48bc1300
}

Java Threads: ( => current thread )
  0x000001fd67527470 JavaThread "main"                              [_thread_blocked, id=16940, stack(0x0000006e05b00000,0x0000006e05c00000) (1024K)]
  0x000001fd436644b0 JavaThread "Reference Handler"          daemon [_thread_blocked, id=6968, stack(0x0000006e05f00000,0x0000006e06000000) (1024K)]
  0x000001fd005fe130 JavaThread "Finalizer"                  daemon [_thread_blocked, id=1644, stack(0x0000006e06000000,0x0000006e06100000) (1024K)]
  0x000001fd436679d0 JavaThread "Signal Dispatcher"          daemon [_thread_blocked, id=9328, stack(0x0000006e06100000,0x0000006e06200000) (1024K)]
=>0x000001fd4366a930 JavaThread "Attach Listener"            daemon [_thread_in_vm, id=25024, stack(0x0000006e06200000,0x0000006e06300000) (1024K)]
  0x000001fd4366c840 JavaThread "Service Thread"             daemon [_thread_blocked, id=25032, stack(0x0000006e06300000,0x0000006e06400000) (1024K)]
  0x000001fd43672e70 JavaThread "Monitor Deflation Thread"   daemon [_thread_blocked, id=25028, stack(0x0000006e06400000,0x0000006e06500000) (1024K)]
  0x000001fd4367a570 JavaThread "C2 CompilerThread0"         daemon [_thread_blocked, id=25008, stack(0x0000006e06500000,0x0000006e06600000) (1024K)]
  0x000001fd4369a6e0 JavaThread "C1 CompilerThread0"         daemon [_thread_blocked, id=11328, stack(0x0000006e06600000,0x0000006e06700000) (1024K)]
  0x000001fd43864d40 JavaThread "Common-Cleaner"             daemon [_thread_blocked, id=21928, stack(0x0000006e06700000,0x0000006e06800000) (1024K)]
  0x000001fd439ca810 JavaThread "Notification Thread"        daemon [_thread_blocked, id=25220, stack(0x0000006e06800000,0x0000006e06900000) (1024K)]
  0x000001fd4849dd80 JavaThread "Active Thread: Equinox Container: 317eb3b6-9694-44fa-85ce-5c83b1771a39"        [_thread_blocked, id=18804, stack(0x0000006e07100000,0x0000006e07200000) (1024K)]
  0x000001fd48a23cb0 JavaThread "Refresh Thread: Equinox Container: 317eb3b6-9694-44fa-85ce-5c83b1771a39" daemon [_thread_blocked, id=696, stack(0x0000006e07300000,0x0000006e07400000) (1024K)]
  0x000001fd487e81d0 JavaThread "Framework Event Dispatcher: Equinox Container: 317eb3b6-9694-44fa-85ce-5c83b1771a39" daemon [_thread_blocked, id=7876, stack(0x0000006e07400000,0x0000006e07500000) (1024K)]
  0x000001fd487e8830 JavaThread "Start Level: Equinox Container: 317eb3b6-9694-44fa-85ce-5c83b1771a39" daemon [_thread_blocked, id=22204, stack(0x0000006e07500000,0x0000006e07600000) (1024K)]
  0x000001fd48b8f6e0 JavaThread "Bundle File Closer"         daemon [_thread_blocked, id=16732, stack(0x0000006e07700000,0x0000006e07800000) (1024K)]
  0x000001fd48afb020 JavaThread "SCR Component Actor"        daemon [_thread_blocked, id=22476, stack(0x0000006e07800000,0x0000006e07900000) (1024K)]
  0x000001fd48d55030 JavaThread "Worker-JM"                         [_thread_blocked, id=9872, stack(0x0000006e07a00000,0x0000006e07b00000) (1024K)]
  0x000001fd49095930 JavaThread "JNA Cleaner"                daemon [_thread_blocked, id=14992, stack(0x0000006e06900000,0x0000006e06a00000) (1024K)]
  0x000001fd491b3dd0 JavaThread "Java indexing"              daemon [_thread_blocked, id=20116, stack(0x0000006e07f00000,0x0000006e08000000) (1024K)]
  0x000001fd491b1d00 JavaThread "Thread-1"                   daemon [_thread_in_native, id=18160, stack(0x0000006e08400000,0x0000006e08500000) (1024K)]
  0x000001fd491b1670 JavaThread "Thread-2"                   daemon [_thread_in_native, id=24696, stack(0x0000006e08500000,0x0000006e08600000) (1024K)]
  0x000001fd491b30b0 JavaThread "Thread-3"                   daemon [_thread_in_native, id=24764, stack(0x0000006e08600000,0x0000006e08700000) (1024K)]
  0x000001fd4b947080 JavaThread "Thread-4"                   daemon [_thread_in_native, id=8696, stack(0x0000006e08700000,0x0000006e08800000) (1024K)]
  0x000001fd4b948ac0 JavaThread "Thread-5"                   daemon [_thread_in_native, id=9788, stack(0x0000006e08800000,0x0000006e08900000) (1024K)]
  0x000001fd4b949150 JavaThread "Thread-6"                   daemon [_thread_in_native, id=12096, stack(0x0000006e08900000,0x0000006e08a00000) (1024K)]
  0x000001fd4b947710 JavaThread "Thread-7"                   daemon [_thread_in_native, id=24720, stack(0x0000006e08a00000,0x0000006e08b00000) (1024K)]
  0x000001fd4b947da0 JavaThread "Thread-8"                   daemon [_thread_in_native, id=24556, stack(0x0000006e08b00000,0x0000006e08c00000) (1024K)]
  0x000001fd4b945cd0 JavaThread "Thread-9"                   daemon [_thread_in_native, id=24528, stack(0x0000006e08c00000,0x0000006e08d00000) (1024K)]
  0x000001fd4b9497e0 JavaThread "Thread-10"                  daemon [_thread_in_native, id=24672, stack(0x0000006e08d00000,0x0000006e08e00000) (1024K)]
  0x000001fd4b948430 JavaThread "Thread-11"                  daemon [_thread_in_native, id=24552, stack(0x0000006e08e00000,0x0000006e08f00000) (1024K)]
  0x000001fd4b946360 JavaThread "Thread-12"                  daemon [_thread_in_native, id=24800, stack(0x0000006e08f00000,0x0000006e09000000) (1024K)]
  0x000001fd4b9469f0 JavaThread "Thread-13"                  daemon [_thread_in_native, id=23912, stack(0x0000006e09000000,0x0000006e09100000) (1024K)]
  0x000001fd4b94c5d0 JavaThread "pool-2-thread-1"                   [_thread_blocked, id=23556, stack(0x0000006e09100000,0x0000006e09200000) (1024K)]
  0x000001fd4b949e70 JavaThread "WorkspaceEventsHandler"            [_thread_blocked, id=10692, stack(0x0000006e09200000,0x0000006e09300000) (1024K)]
  0x000001fd4b94bf40 JavaThread "pool-1-thread-1"                   [_thread_blocked, id=25136, stack(0x0000006e09300000,0x0000006e09400000) (1024K)]
  0x000001fd4b2ac850 JavaThread "Cleaner-0"                  daemon [_thread_blocked, id=1984, stack(0x0000006e0ac00000,0x0000006e0ad00000) (1024K)]
  0x000001fd53e62740 JavaThread "Worker-23"                         [_thread_blocked, id=19528, stack(0x0000006e05a00000,0x0000006e05b00000) (1024K)]
  0x000001fd53e63460 JavaThread "Worker-24"                         [_thread_blocked, id=22368, stack(0x0000006e07c00000,0x0000006e07d00000) (1024K)]
  0x000001fd53e66f70 JavaThread "ForkJoinPool.commonPool-worker-52" daemon [_thread_blocked, id=19932, stack(0x0000006e07e00000,0x0000006e07f00000) (1024K)]
  0x000001fd53e64ea0 JavaThread "Compiler Source File Reader" daemon [_thread_blocked, id=15560, stack(0x0000006e05800000,0x0000006e05900000) (1024K)]
  0x000001fd53e65bc0 JavaThread "Worker-25"                         [_thread_blocked, id=18864, stack(0x0000006e07b00000,0x0000006e07c00000) (1024K)]
  0x000001fd53e64180 JavaThread "Compiler Processing Task"   daemon [_thread_blocked, id=6488, stack(0x0000006e07d00000,0x0000006e07e00000) (1024K)]
  0x000001fd53e62dd0 JavaThread "Compiler Source File Reader" daemon [_thread_blocked, id=16532, stack(0x0000006e08000000,0x0000006e08100000) (1024K)]
  0x000001fd53e67c90 JavaThread "Compiler Source File Reader" daemon [_thread_blocked, id=3808, stack(0x0000006e08100000,0x0000006e08200000) (1024K)]
  0x000001fd53e668e0 JavaThread "Compiler Source File Reader" daemon [_thread_blocked, id=8572, stack(0x0000006e08200000,0x0000006e08300000) (1024K)]
  0x000001fd53e69040 JavaThread "Compiler Source File Reader" daemon [_thread_blocked, id=3472, stack(0x0000006e08300000,0x0000006e08400000) (1024K)]
  0x000001fd53e696d0 JavaThread "Compiler Source File Reader" daemon [_thread_blocked, id=9732, stack(0x0000006e09400000,0x0000006e09500000) (1024K)]
  0x000001fd48bbd160 JavaThread "Compiler Source File Reader" daemon [_thread_blocked, id=22152, stack(0x0000006e09500000,0x0000006e09600000) (1024K)]
  0x000001fd48bbf230 JavaThread "Compiler Source File Reader" daemon [_thread_blocked, id=25988, stack(0x0000006e09600000,0x0000006e09700000) (1024K)]
  0x000001fd48bbd7f0 JavaThread "Compiler Source File Reader" daemon [_thread_blocked, id=19844, stack(0x0000006e09700000,0x0000006e09800000) (1024K)]
  0x000001fd48bbff50 JavaThread "Compiler Source File Reader" daemon [_thread_blocked, id=16456, stack(0x0000006e09800000,0x0000006e09900000) (1024K)]
  0x000001fd48bbcad0 JavaThread "ForkJoinPool.commonPool-worker-56" daemon [_thread_blocked, id=9736, stack(0x0000006e05900000,0x0000006e05a00000) (1024K)]
  0x000001fd48bc1300 JavaThread "ForkJoinPool.commonPool-worker-57" daemon [_thread_blocked, id=15964, stack(0x0000006e07900000,0x0000006e07a00000) (1024K)]
Total: 54

Other Threads:
  0x000001fd005e30a0 VMThread "VM Thread"                           [id=10804, stack(0x0000006e05e00000,0x0000006e05f00000) (1024K)]
  0x000001fd004dca00 WatcherThread "VM Periodic Task Thread"        [id=2720, stack(0x0000006e05d00000,0x0000006e05e00000) (1024K)]
  0x000001fd699c9f60 WorkerThread "GC Thread#0"                     [id=20868, stack(0x0000006e05c00000,0x0000006e05d00000) (1024K)]
  0x000001fd4811bea0 WorkerThread "GC Thread#1"                     [id=25232, stack(0x0000006e06b00000,0x0000006e06c00000) (1024K)]
  0x000001fd4811c240 WorkerThread "GC Thread#2"                     [id=25132, stack(0x0000006e06c00000,0x0000006e06d00000) (1024K)]
  0x000001fd48717cb0 WorkerThread "GC Thread#3"                     [id=25200, stack(0x0000006e06d00000,0x0000006e06e00000) (1024K)]
  0x000001fd48718050 WorkerThread "GC Thread#4"                     [id=25004, stack(0x0000006e06e00000,0x0000006e06f00000) (1024K)]
  0x000001fd4885a130 WorkerThread "GC Thread#5"                     [id=25108, stack(0x0000006e06f00000,0x0000006e07000000) (1024K)]
  0x000001fd4885a4d0 WorkerThread "GC Thread#6"                     [id=24876, stack(0x0000006e07000000,0x0000006e07100000) (1024K)]
  0x000001fd488d78a0 WorkerThread "GC Thread#7"                     [id=19952, stack(0x0000006e07200000,0x0000006e07300000) (1024K)]
  0x000001fd48c94c20 WorkerThread "GC Thread#8"                     [id=20032, stack(0x0000006e06a00000,0x0000006e06b00000) (1024K)]
  0x000001fd489d68c0 WorkerThread "GC Thread#9"                     [id=13388, stack(0x0000006e07600000,0x0000006e07700000) (1024K)]
Total: 12

Threads with active compile tasks:
Total: 0

VM state: not at safepoint (normal execution)

VM Mutex/Monitor currently owned by a thread: None

Heap address: 0x0000000080000000, size: 2048 MB, Compressed Oops mode: 32-bit

CDS archive(s) mapped at: [0x000001fd01000000-0x000001fd01ba0000-0x000001fd01ba0000), size 12189696, SharedBaseAddress: 0x000001fd01000000, ArchiveRelocationMode: 1.
Compressed class space mapped at: 0x000001fd02000000-0x000001fd42000000, reserved size: 1073741824
Narrow klass base: 0x000001fd01000000, Narrow klass shift: 0, Narrow klass range: 0x100000000

GC Precious Log:
 CardTable entry size: 512
 CPUs: 12 total, 12 available
 Memory: 15710M
 Large Page Support: Disabled
 NUMA Support: Disabled
 Compressed Oops: Enabled (32-bit)
 Alignments: Space 512K, Generation 512K, Heap 2M
 Heap Min Capacity: 100M
 Heap Initial Capacity: 100M
 Heap Max Capacity: 2G
 Pre-touch: Disabled
 Parallel Workers: 10

Heap:
 PSYoungGen      total 10240K, used 9248K [0x00000000d5580000, 0x00000000d6100000, 0x0000000100000000)
  eden space 8704K, 93% used [0x00000000d5580000,0x00000000d5d683a8,0x00000000d5e00000)
  from space 1536K, 75% used [0x00000000d5e00000,0x00000000d5f20020,0x00000000d5f80000)
  to   space 1536K, 0% used [0x00000000d5f80000,0x00000000d5f80000,0x00000000d6100000)
 ParOldGen       total 846848K, used 846461K [0x0000000080000000, 0x00000000b3b00000, 0x00000000d5580000)
  object space 846848K, 99% used [0x0000000080000000,0x00000000b3a9f7a0,0x00000000b3b00000)
 Metaspace       used 89230K, committed 90944K, reserved 1179648K
  class space    used 8946K, committed 9728K, reserved 1048576K

Card table byte_map: [0x000001fd69350000,0x000001fd69760000] _byte_map_base: 0x000001fd68f50000

Marking Bits: (ParMarkBitMap*) 0x00007fff79292460
 Begin Bits: [0x000001fd7be60000, 0x000001fd7de60000)
 End Bits:   [0x000001fd7de60000, 0x000001fd7fe60000)

Polling page: 0x000001fd677a0000

Metaspace:

Usage:
  Non-class:     78.40 MB used.
      Class:      8.74 MB used.
       Both:     87.14 MB used.

Virtual space:
  Non-class space:      128.00 MB reserved,      79.31 MB ( 62%) committed,  2 nodes.
      Class space:        1.00 GB reserved,       9.50 MB ( <1%) committed,  1 nodes.
             Both:        1.12 GB reserved,      88.81 MB (  8%) committed. 

Chunk freelists:
   Non-Class:  15.86 MB
       Class:  6.53 MB
        Both:  22.39 MB

MaxMetaspaceSize: unlimited
CompressedClassSpaceSize: 1.00 GB
Initial GC threshold: 21.00 MB
Current GC threshold: 142.44 MB
CDS: on
 - commit_granule_bytes: 65536.
 - commit_granule_words: 8192.
 - virtual_space_node_default_size: 8388608.
 - enlarge_chunks_in_place: 1.
 - use_allocation_guard: 0.


Internal statistics:

num_allocs_failed_limit: 11.
num_arena_births: 1842.
num_arena_deaths: 454.
num_vsnodes_births: 3.
num_vsnodes_deaths: 0.
num_space_committed: 1424.
num_space_uncommitted: 2.
num_chunks_returned_to_freelist: 570.
num_chunks_taken_from_freelist: 6395.
num_chunk_merges: 145.
num_chunk_splits: 3665.
num_chunks_enlarged: 2029.
num_inconsistent_stats: 0.

CodeHeap 'non-profiled nmethods': size=120000Kb used=21021Kb max_used=21021Kb free=98978Kb
 bounds [0x000001fd74680000, 0x000001fd75b10000, 0x000001fd7bbb0000]
CodeHeap 'profiled nmethods': size=120000Kb used=41535Kb max_used=46891Kb free=78464Kb
 bounds [0x000001fd6cbb0000, 0x000001fd6f980000, 0x000001fd740e0000]
CodeHeap 'non-nmethods': size=5760Kb used=1519Kb max_used=1651Kb free=4240Kb
 bounds [0x000001fd740e0000, 0x000001fd74350000, 0x000001fd74680000]
CodeCache: size=245760Kb, used=64075Kb, max_used=69563Kb, free=181682Kb
 total_blobs=17776, nmethods=16936, adapters=743, full_count=0
Compilation: enabled, stopped_count=0, restarted_count=0

Compilation events (20 events):
Event: 13818.199 Thread 0x000001fd4367a570 nmethod 24201 0x000001fd75aeaf90 code [0x000001fd75aeb360, 0x000001fd75aed498]
Event: 13818.200 Thread 0x000001fd4367a570 24202       4       org.eclipse.jdt.internal.compiler.ast.FakedTrackingVariable::cleanUpAfterAssignment (183 bytes)
Event: 13818.203 Thread 0x000001fd4367a570 nmethod 24202 0x000001fd75aef210 code [0x000001fd75aef3e0, 0x000001fd75aef678]
Event: 13818.203 Thread 0x000001fd4367a570 24199       4       org.eclipse.jdt.internal.compiler.flow.FlowInfo::markNullStatus (110 bytes)
Event: 13818.204 Thread 0x000001fd4367a570 nmethod 24199 0x000001fd75aef990 code [0x000001fd75aefb40, 0x000001fd75aefd18]
Event: 13818.218 Thread 0x000001fd4ac3fe20 nmethod 24195 0x000001fd75aefe90 code [0x000001fd75af0420, 0x000001fd75af3c80]
Event: 13818.413 Thread 0x000001fd4369a6e0 24206       3       org.eclipse.jdt.internal.core.SourceField::isEnumConstant (8 bytes)
Event: 13818.413 Thread 0x000001fd4369a6e0 nmethod 24206 0x000001fd6e20ff90 code [0x000001fd6e2101a0, 0x000001fd6e210828]
Event: 13818.634 Thread 0x000001fd4369a6e0 24207       3       org.eclipse.jdt.ls.core.internal.handlers.InlayHintVisitor::visit (32 bytes)
Event: 13818.635 Thread 0x000001fd4367a570 24208       4       org.eclipse.jdt.ls.core.internal.handlers.InlayHintVisitor::visit (32 bytes)
Event: 13818.635 Thread 0x000001fd4369a6e0 nmethod 24207 0x000001fd6cd63610 code [0x000001fd6cd638c0, 0x000001fd6cd643e0]
Event: 13818.877 Thread 0x000001fd4367a570 nmethod 24208 0x000001fd75af7290 code [0x000001fd75af8040, 0x000001fd75b00e38]
Event: 13818.878 Thread 0x000001fd4367a570 24209       4       java.util.concurrent.CountDownLatch$Sync::tryReleaseShared (37 bytes)
Event: 13818.879 Thread 0x000001fd4367a570 nmethod 24209 0x000001fd75b07310 code [0x000001fd75b074a0, 0x000001fd75b07588]
Event: 13820.606 Thread 0x000001fd4369a6e0 24210       3       java.util.concurrent.LinkedBlockingQueue::dequeue (32 bytes)
Event: 13820.606 Thread 0x000001fd4369a6e0 nmethod 24210 0x000001fd6d7e4790 code [0x000001fd6d7e4920, 0x000001fd6d7e4a80]
Event: 13820.606 Thread 0x000001fd4369a6e0 24211       3       java.util.concurrent.atomic.AtomicInteger::getAndDecrement (12 bytes)
Event: 13820.607 Thread 0x000001fd4369a6e0 nmethod 24211 0x000001fd6d66b690 code [0x000001fd6d66b820, 0x000001fd6d66b938]
Event: 13820.608 Thread 0x000001fd4369a6e0 24212       3       org.eclipse.jdt.ls.core.internal.JDTUtils$$Lambda/0x000001fd02613218::apply (14 bytes)
Event: 13820.609 Thread 0x000001fd4369a6e0 nmethod 24212 0x000001fd6e035810 code [0x000001fd6e035a20, 0x000001fd6e036148]

GC Heap History (20 events):
Event: 13813.764 GC heap before
{Heap before GC invocations=2040 (full 6):
 PSYoungGen      total 9728K, used 8480K [0x00000000d5580000, 0x00000000d6180000, 0x0000000100000000)
  eden space 7680K, 100% used [0x00000000d5580000,0x00000000d5d00000,0x00000000d5d00000)
  from space 2048K, 39% used [0x00000000d5d00000,0x00000000d5dc8020,0x00000000d5f00000)
  to   space 1536K, 0% used [0x00000000d6000000,0x00000000d6000000,0x00000000d6180000)
 ParOldGen       total 838144K, used 837725K [0x0000000080000000, 0x00000000b3280000, 0x00000000d5580000)
  object space 838144K, 99% used [0x0000000080000000,0x00000000b32175e0,0x00000000b3280000)
 Metaspace       used 89206K, committed 90880K, reserved 1179648K
  class space    used 8946K, committed 9728K, reserved 1048576K
}
Event: 13813.766 GC heap after
{Heap after GC invocations=2040 (full 6):
 PSYoungGen      total 10240K, used 944K [0x00000000d5580000, 0x00000000d6100000, 0x0000000100000000)
  eden space 9216K, 0% used [0x00000000d5580000,0x00000000d5580000,0x00000000d5e80000)
  from space 1024K, 92% used [0x00000000d6000000,0x00000000d60ec030,0x00000000d6100000)
  to   space 1024K, 0% used [0x00000000d5f00000,0x00000000d5f00000,0x00000000d6000000)
 ParOldGen       total 838656K, used 838341K [0x0000000080000000, 0x00000000b3300000, 0x00000000d5580000)
  object space 838656K, 99% used [0x0000000080000000,0x00000000b32b1620,0x00000000b3300000)
 Metaspace       used 89206K, committed 90880K, reserved 1179648K
  class space    used 8946K, committed 9728K, reserved 1048576K
}
Event: 13817.709 GC heap before
{Heap before GC invocations=2041 (full 6):
 PSYoungGen      total 10240K, used 10160K [0x00000000d5580000, 0x00000000d6100000, 0x0000000100000000)
  eden space 9216K, 100% used [0x00000000d5580000,0x00000000d5e80000,0x00000000d5e80000)
  from space 1024K, 92% used [0x00000000d6000000,0x00000000d60ec030,0x00000000d6100000)
  to   space 1024K, 0% used [0x00000000d5f00000,0x00000000d5f00000,0x00000000d6000000)
 ParOldGen       total 838656K, used 838341K [0x0000000080000000, 0x00000000b3300000, 0x00000000d5580000)
  object space 838656K, 99% used [0x0000000080000000,0x00000000b32b1620,0x00000000b3300000)
 Metaspace       used 89207K, committed 90880K, reserved 1179648K
  class space    used 8946K, committed 9728K, reserved 1048576K
}
Event: 13817.712 GC heap after
{Heap after GC invocations=2041 (full 6):
 PSYoungGen      total 10240K, used 1001K [0x00000000d5580000, 0x00000000d6280000, 0x0000000100000000)
  eden space 9216K, 0% used [0x00000000d5580000,0x00000000d5580000,0x00000000d5e80000)
  from space 1024K, 97% used [0x00000000d5f00000,0x00000000d5ffa420,0x00000000d6000000)
  to   space 2048K, 0% used [0x00000000d6080000,0x00000000d6080000,0x00000000d6280000)
 ParOldGen       total 839168K, used 839053K [0x0000000080000000, 0x00000000b3380000, 0x00000000d5580000)
  object space 839168K, 99% used [0x0000000080000000,0x00000000b3363660,0x00000000b3380000)
 Metaspace       used 89207K, committed 90880K, reserved 1179648K
  class space    used 8946K, committed 9728K, reserved 1048576K
}
Event: 13817.730 GC heap before
{Heap before GC invocations=2042 (full 6):
 PSYoungGen      total 10240K, used 10217K [0x00000000d5580000, 0x00000000d6280000, 0x0000000100000000)
  eden space 9216K, 100% used [0x00000000d5580000,0x00000000d5e80000,0x00000000d5e80000)
  from space 1024K, 97% used [0x00000000d5f00000,0x00000000d5ffa420,0x00000000d6000000)
  to   space 2048K, 0% used [0x00000000d6080000,0x00000000d6080000,0x00000000d6280000)
 ParOldGen       total 839168K, used 839053K [0x0000000080000000, 0x00000000b3380000, 0x00000000d5580000)
  object space 839168K, 99% used [0x0000000080000000,0x00000000b3363660,0x00000000b3380000)
 Metaspace       used 89207K, committed 90880K, reserved 1179648K
  class space    used 8946K, committed 9728K, reserved 1048576K
}
Event: 13817.734 GC heap after
{Heap after GC invocations=2042 (full 6):
 PSYoungGen      total 10752K, used 1088K [0x00000000d5580000, 0x00000000d6200000, 0x0000000100000000)
  eden space 9216K, 0% used [0x00000000d5580000,0x00000000d5580000,0x00000000d5e80000)
  from space 1536K, 70% used [0x00000000d6080000,0x00000000d6190020,0x00000000d6200000)
  to   space 1536K, 0% used [0x00000000d5f00000,0x00000000d5f00000,0x00000000d6080000)
 ParOldGen       total 840192K, used 839910K [0x0000000080000000, 0x00000000b3480000, 0x00000000d5580000)
  object space 840192K, 99% used [0x0000000080000000,0x00000000b3439990,0x00000000b3480000)
 Metaspace       used 89207K, committed 90880K, reserved 1179648K
  class space    used 8946K, committed 9728K, reserved 1048576K
}
Event: 13817.748 GC heap before
{Heap before GC invocations=2043 (full 6):
 PSYoungGen      total 10752K, used 10304K [0x00000000d5580000, 0x00000000d6200000, 0x0000000100000000)
  eden space 9216K, 100% used [0x00000000d5580000,0x00000000d5e80000,0x00000000d5e80000)
  from space 1536K, 70% used [0x00000000d6080000,0x00000000d6190020,0x00000000d6200000)
  to   space 1536K, 0% used [0x00000000d5f00000,0x00000000d5f00000,0x00000000d6080000)
 ParOldGen       total 840192K, used 839910K [0x0000000080000000, 0x00000000b3480000, 0x00000000d5580000)
  object space 840192K, 99% used [0x0000000080000000,0x00000000b3439990,0x00000000b3480000)
 Metaspace       used 89207K, committed 90880K, reserved 1179648K
  class space    used 8946K, committed 9728K, reserved 1048576K
}
Event: 13817.751 GC heap after
{Heap after GC invocations=2043 (full 6):
 PSYoungGen      total 10240K, used 969K [0x00000000d5580000, 0x00000000d6180000, 0x0000000100000000)
  eden space 9216K, 0% used [0x00000000d5580000,0x00000000d5580000,0x00000000d5e80000)
  from space 1024K, 94% used [0x00000000d5f00000,0x00000000d5ff2420,0x00000000d6000000)
  to   space 1536K, 0% used [0x00000000d6000000,0x00000000d6000000,0x00000000d6180000)
 ParOldGen       total 841216K, used 840934K [0x0000000080000000, 0x00000000b3580000, 0x00000000d5580000)
  object space 841216K, 99% used [0x0000000080000000,0x00000000b35399d0,0x00000000b3580000)
 Metaspace       used 89207K, committed 90880K, reserved 1179648K
  class space    used 8946K, committed 9728K, reserved 1048576K
}
Event: 13817.764 GC heap before
{Heap before GC invocations=2044 (full 6):
 PSYoungGen      total 10240K, used 10185K [0x00000000d5580000, 0x00000000d6180000, 0x0000000100000000)
  eden space 9216K, 100% used [0x00000000d5580000,0x00000000d5e80000,0x00000000d5e80000)
  from space 1024K, 94% used [0x00000000d5f00000,0x00000000d5ff2420,0x00000000d6000000)
  to   space 1536K, 0% used [0x00000000d6000000,0x00000000d6000000,0x00000000d6180000)
 ParOldGen       total 841216K, used 840934K [0x0000000080000000, 0x00000000b3580000, 0x00000000d5580000)
  object space 841216K, 99% used [0x0000000080000000,0x00000000b35399d0,0x00000000b3580000)
 Metaspace       used 89210K, committed 90944K, reserved 1179648K
  class space    used 8946K, committed 9728K, reserved 1048576K
}
Event: 13817.767 GC heap after
{Heap after GC invocations=2044 (full 6):
 PSYoungGen      total 10240K, used 1488K [0x00000000d5580000, 0x00000000d6280000, 0x0000000100000000)
  eden space 8704K, 0% used [0x00000000d5580000,0x00000000d5580000,0x00000000d5e00000)
  from space 1536K, 96% used [0x00000000d6000000,0x00000000d6174030,0x00000000d6180000)
  to   space 2048K, 0% used [0x00000000d5e00000,0x00000000d5e00000,0x00000000d6000000)
 ParOldGen       total 842240K, used 841738K [0x0000000080000000, 0x00000000b3680000, 0x00000000d5580000)
  object space 842240K, 99% used [0x0000000080000000,0x00000000b3602990,0x00000000b3680000)
 Metaspace       used 89210K, committed 90944K, reserved 1179648K
  class space    used 8946K, committed 9728K, reserved 1048576K
}
Event: 13817.783 GC heap before
{Heap before GC invocations=2045 (full 6):
 PSYoungGen      total 10240K, used 10192K [0x00000000d5580000, 0x00000000d6280000, 0x0000000100000000)
  eden space 8704K, 100% used [0x00000000d5580000,0x00000000d5e00000,0x00000000d5e00000)
  from space 1536K, 96% used [0x00000000d6000000,0x00000000d6174030,0x00000000d6180000)
  to   space 2048K, 0% used [0x00000000d5e00000,0x00000000d5e00000,0x00000000d6000000)
 ParOldGen       total 842240K, used 841738K [0x0000000080000000, 0x00000000b3680000, 0x00000000d5580000)
  object space 842240K, 99% used [0x0000000080000000,0x00000000b3602990,0x00000000b3680000)
 Metaspace       used 89223K, committed 90944K, reserved 1179648K
  class space    used 8946K, committed 9728K, reserved 1048576K
}
Event: 13817.786 GC heap after
{Heap after GC invocations=2045 (full 6):
 PSYoungGen      total 10240K, used 1248K [0x00000000d5580000, 0x00000000d6100000, 0x0000000100000000)
  eden space 8704K, 0% used [0x00000000d5580000,0x00000000d5580000,0x00000000d5e00000)
  from space 1536K, 81% used [0x00000000d5e00000,0x00000000d5f38020,0x00000000d5f80000)
  to   space 1536K, 0% used [0x00000000d5f80000,0x00000000d5f80000,0x00000000d6100000)
 ParOldGen       total 843264K, used 843174K [0x0000000080000000, 0x00000000b3780000, 0x00000000d5580000)
  object space 843264K, 99% used [0x0000000080000000,0x00000000b37698d0,0x00000000b3780000)
 Metaspace       used 89223K, committed 90944K, reserved 1179648K
  class space    used 8946K, committed 9728K, reserved 1048576K
}
Event: 13818.123 GC heap before
{Heap before GC invocations=2046 (full 6):
 PSYoungGen      total 10240K, used 9921K [0x00000000d5580000, 0x00000000d6100000, 0x0000000100000000)
  eden space 8704K, 99% used [0x00000000d5580000,0x00000000d5df84b8,0x00000000d5e00000)
  from space 1536K, 81% used [0x00000000d5e00000,0x00000000d5f38020,0x00000000d5f80000)
  to   space 1536K, 0% used [0x00000000d5f80000,0x00000000d5f80000,0x00000000d6100000)
 ParOldGen       total 843264K, used 843174K [0x0000000080000000, 0x00000000b3780000, 0x00000000d5580000)
  object space 843264K, 99% used [0x0000000080000000,0x00000000b37698d0,0x00000000b3780000)
 Metaspace       used 89228K, committed 90944K, reserved 1179648K
  class space    used 8946K, committed 9728K, reserved 1048576K
}
Event: 13818.127 GC heap after
{Heap after GC invocations=2046 (full 6):
 PSYoungGen      total 9728K, used 596K [0x00000000d5580000, 0x00000000d6080000, 0x0000000100000000)
  eden space 8704K, 0% used [0x00000000d5580000,0x00000000d5580000,0x00000000d5e00000)
  from space 1024K, 58% used [0x00000000d5f80000,0x00000000d6015220,0x00000000d6080000)
  to   space 1024K, 0% used [0x00000000d5e80000,0x00000000d5e80000,0x00000000d5f80000)
 ParOldGen       total 844800K, used 844297K [0x0000000080000000, 0x00000000b3900000, 0x00000000d5580000)
  object space 844800K, 99% used [0x0000000080000000,0x00000000b3882610,0x00000000b3900000)
 Metaspace       used 89228K, committed 90944K, reserved 1179648K
  class space    used 8946K, committed 9728K, reserved 1048576K
}
Event: 13818.141 GC heap before
{Heap before GC invocations=2047 (full 6):
 PSYoungGen      total 9728K, used 9300K [0x00000000d5580000, 0x00000000d6080000, 0x0000000100000000)
  eden space 8704K, 100% used [0x00000000d5580000,0x00000000d5e00000,0x00000000d5e00000)
  from space 1024K, 58% used [0x00000000d5f80000,0x00000000d6015220,0x00000000d6080000)
  to   space 1024K, 0% used [0x00000000d5e80000,0x00000000d5e80000,0x00000000d5f80000)
 ParOldGen       total 844800K, used 844297K [0x0000000080000000, 0x00000000b3900000, 0x00000000d5580000)
  object space 844800K, 99% used [0x0000000080000000,0x00000000b3882610,0x00000000b3900000)
 Metaspace       used 89228K, committed 90944K, reserved 1179648K
  class space    used 8946K, committed 9728K, reserved 1048576K
}
Event: 13818.145 GC heap after
{Heap after GC invocations=2047 (full 6):
 PSYoungGen      total 9728K, used 992K [0x00000000d5580000, 0x00000000d6200000, 0x0000000100000000)
  eden space 8704K, 0% used [0x00000000d5580000,0x00000000d5580000,0x00000000d5e00000)
  from space 1024K, 96% used [0x00000000d5e80000,0x00000000d5f78020,0x00000000d5f80000)
  to   space 2048K, 0% used [0x00000000d6000000,0x00000000d6000000,0x00000000d6200000)
 ParOldGen       total 844800K, used 844702K [0x0000000080000000, 0x00000000b3900000, 0x00000000d5580000)
  object space 844800K, 99% used [0x0000000080000000,0x00000000b38e7820,0x00000000b3900000)
 Metaspace       used 89228K, committed 90944K, reserved 1179648K
  class space    used 8946K, committed 9728K, reserved 1048576K
}
Event: 13818.160 GC heap before
{Heap before GC invocations=2048 (full 6):
 PSYoungGen      total 9728K, used 9696K [0x00000000d5580000, 0x00000000d6200000, 0x0000000100000000)
  eden space 8704K, 100% used [0x00000000d5580000,0x00000000d5e00000,0x00000000d5e00000)
  from space 1024K, 96% used [0x00000000d5e80000,0x00000000d5f78020,0x00000000d5f80000)
  to   space 2048K, 0% used [0x00000000d6000000,0x00000000d6000000,0x00000000d6200000)
 ParOldGen       total 844800K, used 844702K [0x0000000080000000, 0x00000000b3900000, 0x00000000d5580000)
  object space 844800K, 99% used [0x0000000080000000,0x00000000b38e7820,0x00000000b3900000)
 Metaspace       used 89228K, committed 90944K, reserved 1179648K
  class space    used 8946K, committed 9728K, reserved 1048576K
}
Event: 13818.165 GC heap after
{Heap after GC invocations=2048 (full 6):
 PSYoungGen      total 9728K, used 1012K [0x00000000d5580000, 0x00000000d6100000, 0x0000000100000000)
  eden space 8704K, 0% used [0x00000000d5580000,0x00000000d5580000,0x00000000d5e00000)
  from space 1024K, 98% used [0x00000000d6000000,0x00000000d60fd220,0x00000000d6100000)
  to   space 1536K, 0% used [0x00000000d5e00000,0x00000000d5e00000,0x00000000d5f80000)
 ParOldGen       total 845824K, used 845654K [0x0000000080000000, 0x00000000b3a00000, 0x00000000d5580000)
  object space 845824K, 99% used [0x0000000080000000,0x00000000b39d5860,0x00000000b3a00000)
 Metaspace       used 89228K, committed 90944K, reserved 1179648K
  class space    used 8946K, committed 9728K, reserved 1048576K
}
Event: 13818.179 GC heap before
{Heap before GC invocations=2049 (full 6):
 PSYoungGen      total 9728K, used 9716K [0x00000000d5580000, 0x00000000d6100000, 0x0000000100000000)
  eden space 8704K, 100% used [0x00000000d5580000,0x00000000d5e00000,0x00000000d5e00000)
  from space 1024K, 98% used [0x00000000d6000000,0x00000000d60fd220,0x00000000d6100000)
  to   space 1536K, 0% used [0x00000000d5e00000,0x00000000d5e00000,0x00000000d5f80000)
 ParOldGen       total 845824K, used 845654K [0x0000000080000000, 0x00000000b3a00000, 0x00000000d5580000)
  object space 845824K, 99% used [0x0000000080000000,0x00000000b39d5860,0x00000000b3a00000)
 Metaspace       used 89228K, committed 90944K, reserved 1179648K
  class space    used 8946K, committed 9728K, reserved 1048576K
}
Event: 13818.183 GC heap after
{Heap after GC invocations=2049 (full 6):
 PSYoungGen      total 10240K, used 1152K [0x00000000d5580000, 0x00000000d6100000, 0x0000000100000000)
  eden space 8704K, 0% used [0x00000000d5580000,0x00000000d5580000,0x00000000d5e00000)
  from space 1536K, 75% used [0x00000000d5e00000,0x00000000d5f20020,0x00000000d5f80000)
  to   space 1536K, 0% used [0x00000000d5f80000,0x00000000d5f80000,0x00000000d6100000)
 ParOldGen       total 846848K, used 846461K [0x0000000080000000, 0x00000000b3b00000, 0x00000000d5580000)
  object space 846848K, 99% used [0x0000000080000000,0x00000000b3a9f7a0,0x00000000b3b00000)
 Metaspace       used 89228K, committed 90944K, reserved 1179648K
  class space    used 8946K, committed 9728K, reserved 1048576K
}

Dll operation events (12 events):
Event: 0.014 Loaded shared library c:\Users\umesh\.antigravity\extensions\redhat.java-1.52.0-win32-x64\jre\21.0.9-win32-x86_64\bin\java.dll
Event: 0.094 Loaded shared library c:\Users\umesh\.antigravity\extensions\redhat.java-1.52.0-win32-x64\jre\21.0.9-win32-x86_64\bin\zip.dll
Event: 0.121 Loaded shared library C:\Users\umesh\.antigravity\extensions\redhat.java-1.52.0-win32-x64\jre\21.0.9-win32-x86_64\bin\instrument.dll
Event: 0.134 Loaded shared library C:\Users\umesh\.antigravity\extensions\redhat.java-1.52.0-win32-x64\jre\21.0.9-win32-x86_64\bin\net.dll
Event: 0.139 Loaded shared library C:\Users\umesh\.antigravity\extensions\redhat.java-1.52.0-win32-x64\jre\21.0.9-win32-x86_64\bin\nio.dll
Event: 0.145 Loaded shared library C:\Users\umesh\.antigravity\extensions\redhat.java-1.52.0-win32-x64\jre\21.0.9-win32-x86_64\bin\zip.dll
Event: 0.169 Loaded shared library C:\Users\umesh\.antigravity\extensions\redhat.java-1.52.0-win32-x64\jre\21.0.9-win32-x86_64\bin\jimage.dll
Event: 0.286 Loaded shared library c:\Users\umesh\.antigravity\extensions\redhat.java-1.52.0-win32-x64\jre\21.0.9-win32-x86_64\bin\verify.dll
Event: 1.719 Loaded shared library C:\Users\umesh\AppData\Roaming\Antigravity\User\globalStorage\redhat.java\1.52.0\config_win\org.eclipse.equinox.launcher\org.eclipse.equinox.launcher.win32.win32.x86_64_1.2.1500.v20260121-1430\eclipse_11919.dll
Event: 4.246 Loaded shared library C:\Users\umesh\AppData\Local\Temp\jna-111399906\jna13053729879158772026.dll
Event: 7280.974 Loaded shared library C:\Users\umesh\.antigravity\extensions\redhat.java-1.52.0-win32-x64\jre\21.0.9-win32-x86_64\bin\sunmscapi.dll
Event: 7281.379 Loaded shared library C:\Users\umesh\.antigravity\extensions\redhat.java-1.52.0-win32-x64\jre\21.0.9-win32-x86_64\bin\extnet.dll

Deoptimization events (20 events):
Event: 13813.206 Thread 0x000001fd4b94bf40 Uncommon trap: trap_request=0xffffffde fr.pc=0x000001fd751850a8 relative=0x0000000000000208
Event: 13813.206 Thread 0x000001fd4b94bf40 Uncommon trap: reason=class_check action=maybe_recompile pc=0x000001fd751850a8 method=org.eclipse.jdt.internal.compiler.ast.EqualExpression.traverse(Lorg/eclipse/jdt/internal/compiler/ASTVisitor;Lorg/eclipse/jdt/internal/compiler/lookup/BlockScope;)V @ 3 
Event: 13813.206 Thread 0x000001fd4b94bf40 DEOPT PACKING pc=0x000001fd751850a8 sp=0x0000006e093fdd40
Event: 13813.206 Thread 0x000001fd4b94bf40 DEOPT UNPACKING pc=0x000001fd74133aa2 sp=0x0000006e093fdd10 mode 2
Event: 13813.206 Thread 0x000001fd4b94bf40 Uncommon trap: trap_request=0xffffffde fr.pc=0x000001fd758788f4 relative=0x00000000000000b4
Event: 13813.206 Thread 0x000001fd4b94bf40 Uncommon trap: reason=class_check action=maybe_recompile pc=0x000001fd758788f4 method=org.eclipse.jdt.internal.compiler.ast.NullLiteral.traverse(Lorg/eclipse/jdt/internal/compiler/ASTVisitor;Lorg/eclipse/jdt/internal/compiler/lookup/BlockScope;)V @ 3 c2
Event: 13813.206 Thread 0x000001fd4b94bf40 DEOPT PACKING pc=0x000001fd758788f4 sp=0x0000006e093fdcf0
Event: 13813.206 Thread 0x000001fd4b94bf40 DEOPT UNPACKING pc=0x000001fd74133aa2 sp=0x0000006e093fdca0 mode 2
Event: 13813.206 Thread 0x000001fd4b94bf40 Uncommon trap: trap_request=0xffffffde fr.pc=0x000001fd758788f4 relative=0x00000000000000b4
Event: 13813.206 Thread 0x000001fd4b94bf40 Uncommon trap: reason=class_check action=maybe_recompile pc=0x000001fd758788f4 method=org.eclipse.jdt.internal.compiler.ast.NullLiteral.traverse(Lorg/eclipse/jdt/internal/compiler/ASTVisitor;Lorg/eclipse/jdt/internal/compiler/lookup/BlockScope;)V @ 3 c2
Event: 13813.206 Thread 0x000001fd4b94bf40 DEOPT PACKING pc=0x000001fd758788f4 sp=0x0000006e093fdad0
Event: 13813.206 Thread 0x000001fd4b94bf40 DEOPT UNPACKING pc=0x000001fd74133aa2 sp=0x0000006e093fda68 mode 2
Event: 13813.212 Thread 0x000001fd4b94bf40 Uncommon trap: trap_request=0xffffffde fr.pc=0x000001fd74937d20 relative=0x00000000000001c0
Event: 13813.212 Thread 0x000001fd4b94bf40 Uncommon trap: reason=class_check action=maybe_recompile pc=0x000001fd74937d20 method=org.eclipse.jdt.internal.compiler.ast.IfStatement.traverse(Lorg/eclipse/jdt/internal/compiler/ASTVisitor;Lorg/eclipse/jdt/internal/compiler/lookup/BlockScope;)V @ 3 c2
Event: 13813.213 Thread 0x000001fd4b94bf40 DEOPT PACKING pc=0x000001fd74937d20 sp=0x0000006e093fdbd0
Event: 13813.213 Thread 0x000001fd4b94bf40 DEOPT UNPACKING pc=0x000001fd74133aa2 sp=0x0000006e093fdb88 mode 2
Event: 13813.213 Thread 0x000001fd4b94bf40 Uncommon trap: trap_request=0xffffffde fr.pc=0x000001fd751850a8 relative=0x0000000000000208
Event: 13813.213 Thread 0x000001fd4b94bf40 Uncommon trap: reason=class_check action=maybe_recompile pc=0x000001fd751850a8 method=org.eclipse.jdt.internal.compiler.ast.EqualExpression.traverse(Lorg/eclipse/jdt/internal/compiler/ASTVisitor;Lorg/eclipse/jdt/internal/compiler/lookup/BlockScope;)V @ 3 
Event: 13813.213 Thread 0x000001fd4b94bf40 DEOPT PACKING pc=0x000001fd751850a8 sp=0x0000006e093fdb40
Event: 13813.213 Thread 0x000001fd4b94bf40 DEOPT UNPACKING pc=0x000001fd74133aa2 sp=0x0000006e093fdb10 mode 2

Classes loaded (20 events):
Event: 13102.739 Loading class java/util/regex/Pattern$Behind
Event: 13102.739 Loading class java/util/regex/Pattern$Behind done
Event: 13102.740 Loading class java/util/regex/Pattern$Neg
Event: 13102.740 Loading class java/util/regex/Pattern$Neg done
Event: 13427.865 Loading class jdk/internal/module/IllegalAccessLogger
Event: 13427.865 Loading class jdk/internal/module/IllegalAccessLogger done
Event: 13432.975 Loading class jdk/internal/module/IllegalAccessLogger
Event: 13432.975 Loading class jdk/internal/module/IllegalAccessLogger done
Event: 13478.492 Loading class java/util/stream/ReferencePipeline$15
Event: 13478.493 Loading class java/util/stream/ReferencePipeline$15 done
Event: 13478.495 Loading class java/util/stream/ReferencePipeline$15$1
Event: 13478.496 Loading class java/util/stream/ReferencePipeline$15$1 done
Event: 13478.640 Loading class java/util/HashMap$EntrySpliterator
Event: 13478.641 Loading class java/util/HashMap$EntrySpliterator done
Event: 13798.871 Loading class jdk/internal/module/IllegalAccessLogger
Event: 13798.871 Loading class jdk/internal/module/IllegalAccessLogger done
Event: 13805.736 Loading class jdk/internal/module/IllegalAccessLogger
Event: 13805.736 Loading class jdk/internal/module/IllegalAccessLogger done
Event: 13812.892 Loading class jdk/internal/module/IllegalAccessLogger
Event: 13812.892 Loading class jdk/internal/module/IllegalAccessLogger done

Classes unloaded (20 events):
Event: 11577.230 Thread 0x000001fd005e30a0 Unloading class 0x000001fd02170800 'java/lang/invoke/LambdaForm$MH+0x000001fd02170800'
Event: 11577.230 Thread 0x000001fd005e30a0 Unloading class 0x000001fd02170000 'java/lang/invoke/LambdaForm$MH+0x000001fd02170000'
Event: 11577.230 Thread 0x000001fd005e30a0 Unloading class 0x000001fd0216fc00 'java/lang/invoke/LambdaForm$MH+0x000001fd0216fc00'
Event: 11577.230 Thread 0x000001fd005e30a0 Unloading class 0x000001fd0216f800 'java/lang/invoke/LambdaForm$MH+0x000001fd0216f800'
Event: 11577.230 Thread 0x000001fd005e30a0 Unloading class 0x000001fd02118000 'java/lang/invoke/LambdaForm$MH+0x000001fd02118000'
Event: 11577.230 Thread 0x000001fd005e30a0 Unloading class 0x000001fd02082400 'java/lang/invoke/LambdaForm$MH+0x000001fd02082400'
Event: 11577.230 Thread 0x000001fd005e30a0 Unloading class 0x000001fd02081c00 'java/lang/invoke/LambdaForm$MH+0x000001fd02081c00'
Event: 11577.230 Thread 0x000001fd005e30a0 Unloading class 0x000001fd02081800 'java/lang/invoke/LambdaForm$MH+0x000001fd02081800'
Event: 11577.230 Thread 0x000001fd005e30a0 Unloading class 0x000001fd02081400 'java/lang/invoke/LambdaForm$MH+0x000001fd02081400'
Event: 11577.230 Thread 0x000001fd005e30a0 Unloading class 0x000001fd02081000 'java/lang/invoke/LambdaForm$MH+0x000001fd02081000'
Event: 11577.230 Thread 0x000001fd005e30a0 Unloading class 0x000001fd02080800 'java/lang/invoke/LambdaForm$MH+0x000001fd02080800'
Event: 11577.230 Thread 0x000001fd005e30a0 Unloading class 0x000001fd02080400 'java/lang/invoke/LambdaForm$MH+0x000001fd02080400'
Event: 11577.230 Thread 0x000001fd005e30a0 Unloading class 0x000001fd02080000 'java/lang/invoke/LambdaForm$MH+0x000001fd02080000'
Event: 11577.230 Thread 0x000001fd005e30a0 Unloading class 0x000001fd0201f800 'java/lang/invoke/LambdaForm$MH+0x000001fd0201f800'
Event: 11577.230 Thread 0x000001fd005e30a0 Unloading class 0x000001fd0201e800 'java/lang/invoke/LambdaForm$MH+0x000001fd0201e800'
Event: 11577.230 Thread 0x000001fd005e30a0 Unloading class 0x000001fd0201e400 'java/lang/invoke/LambdaForm$MH+0x000001fd0201e400'
Event: 11577.230 Thread 0x000001fd005e30a0 Unloading class 0x000001fd0201dc00 'java/lang/invoke/LambdaForm$MH+0x000001fd0201dc00'
Event: 11577.230 Thread 0x000001fd005e30a0 Unloading class 0x000001fd0201d400 'java/lang/invoke/LambdaForm$MH+0x000001fd0201d400'
Event: 11577.230 Thread 0x000001fd005e30a0 Unloading class 0x000001fd02014800 'java/lang/invoke/LambdaForm$MH+0x000001fd02014800'
Event: 11577.230 Thread 0x000001fd005e30a0 Unloading class 0x000001fd02000400 'java/lang/invoke/LambdaForm$MH+0x000001fd02000400'

Classes redefined (0 events):
No events

Internal exceptions (20 events):
Event: 13109.588 Thread 0x000001fd53e63460 Exception <a 'java/lang/NoSuchMethodError'{0x00000000d55df1f8}: 'java.lang.Object java.lang.invoke.DirectMethodHandle$Holder.invokeStatic(java.lang.Object, int, java.lang.Object)'> (0x00000000d55df1f8) 
thrown [s\src\hotspot\share\interpreter\linkResolver.cpp, line 773]
Event: 13109.591 Thread 0x000001fd53e63460 Exception <a 'java/lang/NoSuchMethodError'{0x00000000d55ecdf8}: 'void java.lang.invoke.DelegatingMethodHandle$Holder.reinvoke_L(java.lang.Object, java.lang.Object, int)'> (0x00000000d55ecdf8) 
thrown [s\src\hotspot\share\interpreter\linkResolver.cpp, line 773]
Event: 13343.141 Thread 0x000001fd48bc3a60 Exception <a 'sun/nio/fs/WindowsException'{0x00000000d57d2f50}> (0x00000000d57d2f50) 
thrown [s\src\hotspot\share\prims\jni.cpp, line 520]
Event: 13343.141 Thread 0x000001fd48bc3a60 Exception <a 'sun/nio/fs/WindowsException'{0x00000000d57d3cc8}> (0x00000000d57d3cc8) 
thrown [s\src\hotspot\share\prims\jni.cpp, line 520]
Event: 13427.639 Thread 0x000001fd491b3dd0 Exception <a 'sun/nio/fs/WindowsException'{0x00000000d56b9658}> (0x00000000d56b9658) 
thrown [s\src\hotspot\share\prims\jni.cpp, line 520]
Event: 13427.877 Thread 0x000001fd53e64ea0 Implicit null exception at 0x000001fd74ea7813 to 0x000001fd74ea7ab4
Event: 13427.914 Thread 0x000001fd491b3dd0 Exception <a 'sun/nio/fs/WindowsException'{0x00000000d5650ab0}> (0x00000000d5650ab0) 
thrown [s\src\hotspot\share\prims\jni.cpp, line 520]
Event: 13432.752 Thread 0x000001fd491b3dd0 Exception <a 'sun/nio/fs/WindowsException'{0x00000000d55a8520}> (0x00000000d55a8520) 
thrown [s\src\hotspot\share\prims\jni.cpp, line 520]
Event: 13433.023 Thread 0x000001fd491b3dd0 Exception <a 'sun/nio/fs/WindowsException'{0x00000000d5580dd8}> (0x00000000d5580dd8) 
thrown [s\src\hotspot\share\prims\jni.cpp, line 520]
Event: 13452.522 Thread 0x000001fd53e67c90 Implicit null exception at 0x000001fd74cc68d0 to 0x000001fd74cc9847
Event: 13478.645 Thread 0x000001fd53e67c90 Implicit null exception at 0x000001fd7594c31c to 0x000001fd7594d134
Event: 13478.662 Thread 0x000001fd53e67c90 Implicit null exception at 0x000001fd759db3ae to 0x000001fd759db7c8
Event: 13727.738 Thread 0x000001fd53e63460 Exception <a 'sun/nio/fs/WindowsException'{0x00000000d5700b38}> (0x00000000d5700b38) 
thrown [s\src\hotspot\share\prims\jni.cpp, line 520]
Event: 13727.739 Thread 0x000001fd53e63460 Exception <a 'sun/nio/fs/WindowsException'{0x00000000d5701680}> (0x00000000d5701680) 
thrown [s\src\hotspot\share\prims\jni.cpp, line 520]
Event: 13798.564 Thread 0x000001fd491b3dd0 Exception <a 'sun/nio/fs/WindowsException'{0x00000000d59e7210}> (0x00000000d59e7210) 
thrown [s\src\hotspot\share\prims\jni.cpp, line 520]
Event: 13798.943 Thread 0x000001fd491b3dd0 Exception <a 'sun/nio/fs/WindowsException'{0x00000000d5743640}> (0x00000000d5743640) 
thrown [s\src\hotspot\share\prims\jni.cpp, line 520]
Event: 13805.563 Thread 0x000001fd491b3dd0 Exception <a 'sun/nio/fs/WindowsException'{0x00000000d5aed7a8}> (0x00000000d5aed7a8) 
thrown [s\src\hotspot\share\prims\jni.cpp, line 520]
Event: 13805.883 Thread 0x000001fd491b3dd0 Exception <a 'sun/nio/fs/WindowsException'{0x00000000d55be478}> (0x00000000d55be478) 
thrown [s\src\hotspot\share\prims\jni.cpp, line 520]
Event: 13812.741 Thread 0x000001fd491b3dd0 Exception <a 'sun/nio/fs/WindowsException'{0x00000000d5c41218}> (0x00000000d5c41218) 
thrown [s\src\hotspot\share\prims\jni.cpp, line 520]
Event: 13812.981 Thread 0x000001fd491b3dd0 Exception <a 'sun/nio/fs/WindowsException'{0x00000000d57a6f50}> (0x00000000d57a6f50) 
thrown [s\src\hotspot\share\prims\jni.cpp, line 520]

ZGC Phase Switch (0 events):
No events

VM Operations (20 events):
Event: 13817.709 Executing VM operation: ParallelGCFailedAllocation (Allocation Failure)
Event: 13817.712 Executing VM operation: ParallelGCFailedAllocation (Allocation Failure) done
Event: 13817.730 Executing VM operation: ParallelGCFailedAllocation (Allocation Failure)
Event: 13817.734 Executing VM operation: ParallelGCFailedAllocation (Allocation Failure) done
Event: 13817.748 Executing VM operation: ParallelGCFailedAllocation (Allocation Failure)
Event: 13817.751 Executing VM operation: ParallelGCFailedAllocation (Allocation Failure) done
Event: 13817.764 Executing VM operation: ParallelGCFailedAllocation (Allocation Failure)
Event: 13817.767 Executing VM operation: ParallelGCFailedAllocation (Allocation Failure) done
Event: 13817.782 Executing VM operation: ParallelGCFailedAllocation (Allocation Failure)
Event: 13817.786 Executing VM operation: ParallelGCFailedAllocation (Allocation Failure) done
Event: 13818.116 Executing VM operation: ParallelGCFailedAllocation (Allocation Failure)
Event: 13818.127 Executing VM operation: ParallelGCFailedAllocation (Allocation Failure) done
Event: 13818.141 Executing VM operation: ParallelGCFailedAllocation (Allocation Failure)
Event: 13818.145 Executing VM operation: ParallelGCFailedAllocation (Allocation Failure) done
Event: 13818.160 Executing VM operation: ParallelGCFailedAllocation (Allocation Failure)
Event: 13818.165 Executing VM operation: ParallelGCFailedAllocation (Allocation Failure) done
Event: 13818.179 Executing VM operation: ParallelGCFailedAllocation (Allocation Failure)
Event: 13818.183 Executing VM operation: ParallelGCFailedAllocation (Allocation Failure) done
Event: 13819.185 Executing VM operation: Cleanup
Event: 13819.185 Executing VM operation: Cleanup done

Memory protections (0 events):
No events

Nmethod flushes (20 events):
Event: 11577.304 Thread 0x000001fd005e30a0 flushing  nmethod 0x000001fd6f337e90
Event: 11577.304 Thread 0x000001fd005e30a0 flushing  nmethod 0x000001fd6f36e890
Event: 11577.305 Thread 0x000001fd005e30a0 flushing  nmethod 0x000001fd6f370a10
Event: 11577.305 Thread 0x000001fd005e30a0 flushing  nmethod 0x000001fd6f376010
Event: 11577.305 Thread 0x000001fd005e30a0 flushing  nmethod 0x000001fd6f376910
Event: 11577.305 Thread 0x000001fd005e30a0 flushing  nmethod 0x000001fd6f378590
Event: 11577.305 Thread 0x000001fd005e30a0 flushing  nmethod 0x000001fd6f37d410
Event: 11577.305 Thread 0x000001fd005e30a0 flushing  nmethod 0x000001fd6f382a90
Event: 11577.305 Thread 0x000001fd005e30a0 flushing  nmethod 0x000001fd6f429390
Event: 11577.305 Thread 0x000001fd005e30a0 flushing  nmethod 0x000001fd6f42a310
Event: 11577.305 Thread 0x000001fd005e30a0 flushing  nmethod 0x000001fd6f42a910
Event: 11577.305 Thread 0x000001fd005e30a0 flushing  nmethod 0x000001fd6f43bd10
Event: 11577.305 Thread 0x000001fd005e30a0 flushing  nmethod 0x000001fd6f447590
Event: 11577.305 Thread 0x000001fd005e30a0 flushing  nmethod 0x000001fd6f537410
Event: 11577.305 Thread 0x000001fd005e30a0 flushing  nmethod 0x000001fd6f586510
Event: 11577.305 Thread 0x000001fd005e30a0 flushing  nmethod 0x000001fd6f61d810
Event: 11577.305 Thread 0x000001fd005e30a0 flushing  nmethod 0x000001fd6f667510
Event: 11577.305 Thread 0x000001fd005e30a0 flushing  nmethod 0x000001fd6f701e90
Event: 11577.305 Thread 0x000001fd005e30a0 flushing  nmethod 0x000001fd6f76c610
Event: 11577.305 Thread 0x000001fd005e30a0 flushing  nmethod 0x000001fd6f7fa090

Events (20 events):
Event: 13803.832 Thread 0x000001fd53e66f70 Thread added: 0x000001fd48bbcad0
Event: 13803.837 Thread 0x000001fd4b94bf40 Thread added: 0x000001fd48bc1300
Event: 13804.374 Thread 0x000001fd4369a6e0 Thread added: 0x000001fd4ac3fe20
Event: 13805.136 Thread 0x000001fd4ac3fe20 Thread exited: 0x000001fd4ac3fe20
Event: 13805.755 Thread 0x000001fd4369a6e0 Thread added: 0x000001fd4ac3fe20
Event: 13807.084 Thread 0x000001fd4ac3fe20 Thread exited: 0x000001fd4ac3fe20
Event: 13807.626 Thread 0x000001fd4369a6e0 Thread added: 0x000001fd4ac3fe20
Event: 13809.673 Thread 0x000001fd4ac3fe20 Thread exited: 0x000001fd4ac3fe20
Event: 13809.807 Thread 0x000001fd4369a6e0 Thread added: 0x000001fd4ac3fe20
Event: 13811.878 Thread 0x000001fd4ac3fe20 Thread exited: 0x000001fd4ac3fe20
Event: 13811.909 Thread 0x000001fd4369a6e0 Thread added: 0x000001fd4ac3ce70
Event: 13812.298 Thread 0x000001fd4ac3ce70 Thread exited: 0x000001fd4ac3ce70
Event: 13812.316 Thread 0x000001fd4367a570 Thread added: 0x000001fd4ac3ce70
Event: 13812.735 Thread 0x000001fd4ac3ce70 Thread exited: 0x000001fd4ac3ce70
Event: 13813.081 Thread 0x000001fd4369a6e0 Thread added: 0x000001fd4ac3fe20
Event: 13813.702 Thread 0x000001fd4ac3fe20 Thread exited: 0x000001fd4ac3fe20
Event: 13817.778 Thread 0x000001fd4369a6e0 Thread added: 0x000001fd4ac3fe20
Event: 13817.790 Thread 0x000001fd4369a6e0 Thread added: 0x000001fd4ac3ce70
Event: 13818.109 Thread 0x000001fd4ac3ce70 Thread exited: 0x000001fd4ac3ce70
Event: 13818.413 Thread 0x000001fd4ac3fe20 Thread exited: 0x000001fd4ac3fe20


Dynamic libraries:
0x00007ff72e510000 - 0x00007ff72e51e000 	c:\Users\umesh\.antigravity\extensions\redhat.java-1.52.0-win32-x64\jre\21.0.9-win32-x86_64\bin\java.exe
0x00007fff9dbe0000 - 0x00007fff9de47000 	C:\WINDOWS\SYSTEM32\ntdll.dll
0x00007fff9cb30000 - 0x00007fff9cbf9000 	C:\WINDOWS\System32\KERNEL32.DLL
0x00007fff9b3a0000 - 0x00007fff9b791000 	C:\WINDOWS\System32\KERNELBASE.dll
0x00007fff9b7a0000 - 0x00007fff9b8eb000 	C:\WINDOWS\System32\ucrtbase.dll
0x00007fff846d0000 - 0x00007fff846e8000 	c:\Users\umesh\.antigravity\extensions\redhat.java-1.52.0-win32-x64\jre\21.0.9-win32-x86_64\bin\jli.dll
0x00007fff9d000000 - 0x00007fff9d1c5000 	C:\WINDOWS\System32\USER32.dll
0x00007fff9a5f0000 - 0x00007fff9a617000 	C:\WINDOWS\System32\win32u.dll
0x00007fff9c8f0000 - 0x00007fff9c91b000 	C:\WINDOWS\System32\GDI32.dll
0x00007fff9a4c0000 - 0x00007fff9a5eb000 	C:\WINDOWS\System32\gdi32full.dll
0x00007fff9a620000 - 0x00007fff9a6c3000 	C:\WINDOWS\System32\msvcp_win.dll
0x00007fff83ce0000 - 0x00007fff83cfe000 	c:\Users\umesh\.antigravity\extensions\redhat.java-1.52.0-win32-x64\jre\21.0.9-win32-x86_64\bin\VCRUNTIME140.dll
0x00007fff65ba0000 - 0x00007fff65e33000 	C:\WINDOWS\WinSxS\amd64_microsoft.windows.common-controls_6595b64144ccf1df_6.0.26100.8037_none_3e092faae333b53b\COMCTL32.dll
0x00007fff9c840000 - 0x00007fff9c8e9000 	C:\WINDOWS\System32\msvcrt.dll
0x00007fff9cfb0000 - 0x00007fff9cfe1000 	C:\WINDOWS\System32\IMM32.DLL
0x00007fff849f0000 - 0x00007fff849fc000 	c:\Users\umesh\.antigravity\extensions\redhat.java-1.52.0-win32-x64\jre\21.0.9-win32-x86_64\bin\vcruntime140_1.dll
0x00007fff79370000 - 0x00007fff793fd000 	c:\Users\umesh\.antigravity\extensions\redhat.java-1.52.0-win32-x64\jre\21.0.9-win32-x86_64\bin\msvcp140.dll
0x00007fff785d0000 - 0x00007fff79370000 	c:\Users\umesh\.antigravity\extensions\redhat.java-1.52.0-win32-x64\jre\21.0.9-win32-x86_64\bin\server\jvm.dll
0x00007fff9dae0000 - 0x00007fff9db9b000 	C:\WINDOWS\System32\ADVAPI32.dll
0x00007fff9d1d0000 - 0x00007fff9d277000 	C:\WINDOWS\System32\sechost.dll
0x00007fff9d440000 - 0x00007fff9d558000 	C:\WINDOWS\System32\RPCRT4.dll
0x00007fff9cd90000 - 0x00007fff9ce04000 	C:\WINDOWS\System32\WS2_32.dll
0x00007fff9a320000 - 0x00007fff9a37e000 	C:\WINDOWS\SYSTEM32\POWRPROF.dll
0x00007fff92700000 - 0x00007fff92735000 	C:\WINDOWS\SYSTEM32\WINMM.dll
0x00007fff93d60000 - 0x00007fff93d6b000 	C:\WINDOWS\SYSTEM32\VERSION.dll
0x00007fff9a300000 - 0x00007fff9a314000 	C:\WINDOWS\SYSTEM32\UMPDC.dll
0x00007fff99250000 - 0x00007fff9926b000 	C:\WINDOWS\SYSTEM32\kernel.appcore.dll
0x00007fff81b10000 - 0x00007fff81b1a000 	c:\Users\umesh\.antigravity\extensions\redhat.java-1.52.0-win32-x64\jre\21.0.9-win32-x86_64\bin\jimage.dll
0x00007fff8a6b0000 - 0x00007fff8a8f2000 	C:\WINDOWS\SYSTEM32\DBGHELP.DLL
0x00007fff9c4b0000 - 0x00007fff9c832000 	C:\WINDOWS\System32\combase.dll
0x00007fff9ce40000 - 0x00007fff9cf17000 	C:\WINDOWS\System32\OLEAUT32.dll
0x00007fff87850000 - 0x00007fff8788b000 	C:\WINDOWS\SYSTEM32\dbgcore.DLL
0x00007fff9b0b0000 - 0x00007fff9b155000 	C:\WINDOWS\System32\bcryptPrimitives.dll
0x00007fff81b00000 - 0x00007fff81b0f000 	c:\Users\umesh\.antigravity\extensions\redhat.java-1.52.0-win32-x64\jre\21.0.9-win32-x86_64\bin\instrument.dll
0x00007fff7d1e0000 - 0x00007fff7d200000 	c:\Users\umesh\.antigravity\extensions\redhat.java-1.52.0-win32-x64\jre\21.0.9-win32-x86_64\bin\java.dll
0x00007fff9b980000 - 0x00007fff9c0df000 	C:\WINDOWS\System32\SHELL32.dll
0x00007fff9af40000 - 0x00007fff9b0aa000 	C:\WINDOWS\System32\wintypes.dll
0x00007fff9a6d0000 - 0x00007fff9af34000 	C:\WINDOWS\System32\windows.storage.dll
0x00007fff9d280000 - 0x00007fff9d377000 	C:\WINDOWS\System32\SHCORE.dll
0x00007fff9cd20000 - 0x00007fff9cd87000 	C:\WINDOWS\System32\shlwapi.dll
0x00007fff9a3e0000 - 0x00007fff9a409000 	C:\WINDOWS\SYSTEM32\profapi.dll
0x00007fff7bc20000 - 0x00007fff7bc38000 	c:\Users\umesh\.antigravity\extensions\redhat.java-1.52.0-win32-x64\jre\21.0.9-win32-x86_64\bin\zip.dll
0x00007fff7d570000 - 0x00007fff7d580000 	C:\Users\umesh\.antigravity\extensions\redhat.java-1.52.0-win32-x64\jre\21.0.9-win32-x86_64\bin\net.dll
0x00007fff93f00000 - 0x00007fff94027000 	C:\WINDOWS\SYSTEM32\WINHTTP.dll
0x00007fff997c0000 - 0x00007fff9982b000 	C:\WINDOWS\system32\mswsock.dll
0x00007fff7bc00000 - 0x00007fff7bc16000 	C:\Users\umesh\.antigravity\extensions\redhat.java-1.52.0-win32-x64\jre\21.0.9-win32-x86_64\bin\nio.dll
0x00007fff7d430000 - 0x00007fff7d440000 	c:\Users\umesh\.antigravity\extensions\redhat.java-1.52.0-win32-x64\jre\21.0.9-win32-x86_64\bin\verify.dll
0x00007fff79570000 - 0x00007fff795b5000 	C:\Users\umesh\AppData\Roaming\Antigravity\User\globalStorage\redhat.java\1.52.0\config_win\org.eclipse.equinox.launcher\org.eclipse.equinox.launcher.win32.win32.x86_64_1.2.1500.v20260121-1430\eclipse_11919.dll
0x00007fff9c920000 - 0x00007fff9cab5000 	C:\WINDOWS\System32\ole32.dll
0x00007fff99aa0000 - 0x00007fff99abb000 	C:\WINDOWS\SYSTEM32\CRYPTSP.dll
0x00007fff991b0000 - 0x00007fff991e9000 	C:\WINDOWS\system32\rsaenh.dll
0x00007fff99870000 - 0x00007fff998a2000 	C:\WINDOWS\SYSTEM32\USERENV.dll
0x00007fff9a3b0000 - 0x00007fff9a3da000 	C:\WINDOWS\SYSTEM32\bcrypt.dll
0x00007fff99ac0000 - 0x00007fff99acc000 	C:\WINDOWS\SYSTEM32\CRYPTBASE.dll
0x00007fff98c70000 - 0x00007fff98ca3000 	C:\WINDOWS\SYSTEM32\IPHLPAPI.DLL
0x00007fff9cad0000 - 0x00007fff9cada000 	C:\WINDOWS\System32\NSI.dll
0x00007fff765f0000 - 0x00007fff76639000 	C:\Users\umesh\AppData\Local\Temp\jna-111399906\jna13053729879158772026.dll
0x00007fff9dad0000 - 0x00007fff9dad8000 	C:\WINDOWS\System32\PSAPI.DLL
0x00007fff952b0000 - 0x00007fff952cd000 	C:\WINDOWS\SYSTEM32\dhcpcsvc6.DLL
0x00007fff95210000 - 0x00007fff95233000 	C:\WINDOWS\SYSTEM32\dhcpcsvc.DLL
0x00007fff99370000 - 0x00007fff993a6000 	C:\WINDOWS\SYSTEM32\ntmarta.dll
0x00007fff95be0000 - 0x00007fff95bee000 	C:\Users\umesh\.antigravity\extensions\redhat.java-1.52.0-win32-x64\jre\21.0.9-win32-x86_64\bin\sunmscapi.dll
0x00007fff9b220000 - 0x00007fff9b397000 	C:\WINDOWS\System32\CRYPT32.dll
0x00007fff99cc0000 - 0x00007fff99cf0000 	C:\WINDOWS\SYSTEM32\ncrypt.dll
0x00007fff99c70000 - 0x00007fff99caf000 	C:\WINDOWS\SYSTEM32\NTASN1.dll
0x00007fff98d10000 - 0x00007fff98e3a000 	C:\WINDOWS\SYSTEM32\DNSAPI.dll
0x00007fff93d90000 - 0x00007fff93d9b000 	C:\Windows\System32\rasadhlp.dll
0x00007fff95490000 - 0x00007fff95516000 	C:\WINDOWS\System32\fwpuclnt.dll
0x00007fff95b70000 - 0x00007fff95b79000 	C:\Users\umesh\.antigravity\extensions\redhat.java-1.52.0-win32-x64\jre\21.0.9-win32-x86_64\bin\extnet.dll

JVMTI agents:
c:\Users\umesh\.antigravity\extensions\redhat.java-1.52.0-win32-x64\lombok\lombok-1.18.39-4050.jar path:c:\Users\umesh\.antigravity\extensions\redhat.java-1.52.0-win32-x64\jre\21.0.9-win32-x86_64\bin\instrument.dll, loaded, initialized, instrumentlib options:none

dbghelp: loaded successfully - version: 4.0.5 - missing functions: none
symbol engine: initialized successfully - sym options: 0x614 - pdb path: .;c:\Users\umesh\.antigravity\extensions\redhat.java-1.52.0-win32-x64\jre\21.0.9-win32-x86_64\bin;C:\WINDOWS\SYSTEM32;C:\WINDOWS\WinSxS\amd64_microsoft.windows.common-controls_6595b64144ccf1df_6.0.26100.8037_none_3e092faae333b53b;c:\Users\umesh\.antigravity\extensions\redhat.java-1.52.0-win32-x64\jre\21.0.9-win32-x86_64\bin\server;C:\Users\umesh\AppData\Roaming\Antigravity\User\globalStorage\redhat.java\1.52.0\config_win\org.eclipse.equinox.launcher\org.eclipse.equinox.launcher.win32.win32.x86_64_1.2.1500.v20260121-1430;C:\Users\umesh\AppData\Local\Temp\jna-111399906

VM Arguments:
jvm_args: --add-modules=ALL-SYSTEM --add-opens=java.base/java.util=ALL-UNNAMED --add-opens=java.base/java.lang=ALL-UNNAMED --add-opens=java.base/sun.nio.fs=ALL-UNNAMED -Declipse.application=org.eclipse.jdt.ls.core.id1 -Dosgi.bundles.defaultStartLevel=4 -Declipse.product=org.eclipse.jdt.ls.core.product -Djava.import.generatesMetadataFilesAtProjectRoot=false -DDetectVMInstallationsJob.disabled=true -Dfile.encoding=utf8 -XX:+UseParallelGC -XX:GCTimeRatio=4 -XX:AdaptiveSizePolicyWeight=90 -Dsun.zip.disableMemoryMapping=true -Xmx2G -Xms100m -Xlog:disable -javaagent:c:\Users\umesh\.antigravity\extensions\redhat.java-1.52.0-win32-x64\lombok\lombok-1.18.39-4050.jar -XX:+HeapDumpOnOutOfMemoryError -XX:HeapDumpPath=c:\Users\umesh\AppData\Roaming\Antigravity\User\workspaceStorage\0bbc2a3eadc450d6a7a14c402e593b80\redhat.java -Daether.dependencyCollector.impl=bf 
java_command: c:\Users\umesh\.antigravity\extensions\redhat.java-1.52.0-win32-x64\server\plugins\org.eclipse.equinox.launcher_1.7.100.v20251111-0406.jar -configuration c:\Users\umesh\AppData\Roaming\Antigravity\User\globalStorage\redhat.java\1.52.0\config_win -data c:\Users\umesh\AppData\Roaming\Antigravity\User\workspaceStorage\0bbc2a3eadc450d6a7a14c402e593b80\redhat.java\jdt_ws --pipe=\\.\pipe\lsp-d4d78a76ec6530f45d9ac5e73cbbdb8f-sock
java_class_path (initial): c:\Users\umesh\.antigravity\extensions\redhat.java-1.52.0-win32-x64\server\plugins\org.eclipse.equinox.launcher_1.7.100.v20251111-0406.jar
Launcher Type: SUN_STANDARD

[Global flags]
    uintx AdaptiveSizePolicyWeight                 = 90                                        {product} {command line}
     intx CICompilerCount                          = 4                                         {product} {ergonomic}
    uintx GCTimeRatio                              = 4                                         {product} {command line}
     bool HeapDumpOnOutOfMemoryError               = true                                   {manageable} {command line}
    ccstr HeapDumpPath                             = c:\Users\umesh\AppData\Roaming\Antigravity\User\workspaceStorage\0bbc2a3eadc450d6a7a14c402e593b80\redhat.java         {manageable} {command line}
   size_t InitialHeapSize                          = 104857600                                 {product} {command line}
   size_t MaxHeapSize                              = 2147483648                                {product} {command line}
   size_t MaxNewSize                               = 715653120                                 {product} {ergonomic}
   size_t MinHeapDeltaBytes                        = 524288                                    {product} {ergonomic}
   size_t MinHeapSize                              = 104857600                                 {product} {command line}
   size_t NewSize                                  = 34603008                                  {product} {ergonomic}
    uintx NonNMethodCodeHeapSize                   = 5839372                                {pd product} {ergonomic}
    uintx NonProfiledCodeHeapSize                  = 122909434                              {pd product} {ergonomic}
   size_t OldSize                                  = 70254592                                  {product} {ergonomic}
    uintx ProfiledCodeHeapSize                     = 122909434                              {pd product} {ergonomic}
    uintx ReservedCodeCacheSize                    = 251658240                              {pd product} {ergonomic}
     bool SegmentedCodeCache                       = true                                      {product} {ergonomic}
   size_t SoftMaxHeapSize                          = 2147483648                             {manageable} {ergonomic}
     bool UseCompressedOops                        = true                           {product lp64_product} {ergonomic}
     bool UseLargePagesIndividualAllocation        = false                                  {pd product} {ergonomic}
     bool UseParallelGC                            = true                                      {product} {command line}

Logging:
Log output configuration:
 #0: stdout all=off uptime,level,tags foldmultilines=false
 #1: stderr all=off uptime,level,tags foldmultilines=false

Release file:
JAVA_VERSION="21.0.9" 
MODULES="java.base java.compiler java.datatransfer java.xml java.prefs java.desktop java.instrument java.logging java.management java.security.sasl java.naming java.rmi java.management.rmi java.net.http java.scripting java.security.jgss java.transaction.xa java.sql java.sql.rowset java.xml.crypto java.se java.smartcardio jdk.accessibility jdk.internal.jvmstat jdk.attach jdk.charsets jdk.internal.opt jdk.zipfs jdk.compiler jdk.crypto.ec jdk.crypto.cryptoki jdk.crypto.mscapi jdk.dynalink jdk.internal.ed jdk.editpad jdk.hotspot.agent jdk.httpserver jdk.internal.le jdk.internal.vm.ci jdk.internal.vm.compiler jdk.internal.vm.compiler.management jdk.jartool jdk.javadoc jdk.jcmd jdk.management jdk.management.agent jdk.jconsole jdk.jdeps jdk.jdwp.agent jdk.jdi jdk.jfr jdk.jshell jdk.jsobject jdk.jstatd jdk.localedata jdk.management.jfr jdk.naming.dns jdk.naming.rmi jdk.net jdk.nio.mapmode jdk.random jdk.sctp jdk.security.auth jdk.security.jgss jdk.unsupported jdk.unsupported.desktop jdk.xml.dom" 

Environment Variables:
JAVA_HOME=C:\Program Files\Eclipse Adoptium\jdk-25.0.2.10-hotspot\
PATH=C:\Program Files\Eclipse Adoptium\jdk-25.0.2.10-hotspot\bin;C:\windows\system32;C:\windows;C:\windows\System32\Wbem;C:\windows\System32\WindowsPowerShell\v1.0\;C:\windows\System32\OpenSSH\;C:\Program Files (x86)\NVIDIA Corporation\PhysX\Common;C:\Program Files\HP\HP One Agent;C:\Program Files\NVIDIA Corporation\NVIDIA app\NvDLISR;C:\WINDOWS\system32;C:\WINDOWS;C:\WINDOWS\System32\Wbem;C:\WINDOWS\System32\WindowsPowerShell\v1.0\;C:\WINDOWS\System32\OpenSSH\;C:\Program Files\nodejs\;C:\Users\umesh\AppData\Local\Microsoft\WindowsApps;C:\Users\umesh\AppData\Local\Programs\Microsoft VS Code\bin;C:\Users\umesh\AppData\Roaming\npm;C:\Users\umesh\AppData\Local\Programs\Antigravity\bin;C:\Users\umesh\AppData\Local\GitHubDesktop\bin
USERNAME=umesh
OS=Windows_NT
PROCESSOR_IDENTIFIER=AMD64 Family 25 Model 80 Stepping 0, AuthenticAMD
TMP=C:\Users\umesh\AppData\Local\Temp
TEMP=C:\Users\umesh\AppData\Local\Temp




Periodic native trim disabled

---------------  S Y S T E M  ---------------

OS:
 Windows 11 , 64 bit Build 26100 (10.0.26100.7920)
OS uptime: 0 days 7:31 hours
Hyper-V role detected

CPU: total 12 (initial active 12) (12 cores per cpu, 2 threads per core) family 25 model 80 stepping 0 microcode 0xa50000f, cx8, cmov, fxsr, ht, mmx, 3dnowpref, sse, sse2, sse3, ssse3, sse4a, sse4.1, sse4.2, popcnt, lzcnt, tsc, tscinvbit, avx, avx2, aes, erms, clmul, bmi1, bmi2, adx, sha, fma, vzeroupper, clflush, clflushopt, hv, rdtscp, rdpid, fsrm, f16c, cet_ss
Processor Information for processor 0
  Max Mhz: 3301, Current Mhz: 3301, Mhz Limit: 3301
Processor Information for processor 1
  Max Mhz: 3301, Current Mhz: 3301, Mhz Limit: 3301
Processor Information for processor 2
  Max Mhz: 3301, Current Mhz: 3301, Mhz Limit: 3301
Processor Information for processor 3
  Max Mhz: 3301, Current Mhz: 2011, Mhz Limit: 3301
Processor Information for processor 4
  Max Mhz: 3301, Current Mhz: 2011, Mhz Limit: 3301
Processor Information for processor 5
  Max Mhz: 3301, Current Mhz: 2011, Mhz Limit: 3301
Processor Information for processor 6
  Max Mhz: 3301, Current Mhz: 2011, Mhz Limit: 3301
Processor Information for processor 7
  Max Mhz: 3301, Current Mhz: 2011, Mhz Limit: 3301
Processor Information for processor 8
  Max Mhz: 3301, Current Mhz: 2011, Mhz Limit: 3301
Processor Information for processor 9
  Max Mhz: 3301, Current Mhz: 2011, Mhz Limit: 3301
Processor Information for processor 10
  Max Mhz: 3301, Current Mhz: 2011, Mhz Limit: 3301
Processor Information for processor 11
  Max Mhz: 3301, Current Mhz: 2011, Mhz Limit: 3301

Memory: 4k page, system-wide physical 15710M (2597M free)
TotalPageFile size 32042M (AvailPageFile size 2M)
current process WorkingSet (physical memory assigned to process): 513M, peak: 1724M
current process commit charge ("private bytes"): 1242M, peak: 1786M

vm_info: OpenJDK 64-Bit Server VM (21.0.9+10-LTS) for windows-amd64 JRE (21.0.9+10-LTS), built on 2025-10-21T00:00:00Z by "admin" with unknown MS VC++:1942

END.
