[INFO] Scanning for projects...
[INFO] 
[INFO] ------------------------< com.nikat:nikat-api >-------------------------
[INFO] Building Nikat Backend 0.0.1-SNAPSHOT
[INFO]   from pom.xml
[INFO] --------------------------------[ jar ]---------------------------------
[INFO] 
[INFO] --- clean:3.5.0:clean (default-clean) @ nikat-api ---
[INFO] Deleting E:\My folder\Education\Git\Nikat\backend\target
[INFO] 
[INFO] --- resources:3.3.1:resources (default-resources) @ nikat-api ---
[INFO] Copying 1 resource from src\main\resources to target\classes
[INFO] Copying 4 resources from src\main\resources to target\classes
[INFO] 
[INFO] --- compiler:3.14.1:compile (default-compile) @ nikat-api ---
[INFO] Recompiling the module because of changed source code.
[INFO] Compiling 63 source files with javac [debug parameters release 25] to target\classes
[INFO] /E:/My folder/Education/Git/Nikat/backend/src/main/java/com/nikat/api/security/JwtAuthenticationFilter.java: E:\My folder\Education\Git\Nikat\backend\src\main\java\com\nikat\api\security\JwtAuthenticationFilter.java uses or overrides a deprecated API.
[INFO] /E:/My folder/Education/Git/Nikat/backend/src/main/java/com/nikat/api/security/JwtAuthenticationFilter.java: Recompile with -Xlint:deprecation for details.
[INFO] 
[INFO] --- resources:3.3.1:testResources (default-testResources) @ nikat-api ---
[INFO] skip non existing resourceDirectory E:\My folder\Education\Git\Nikat\backend\src\test\resources
[INFO] 
[INFO] --- compiler:3.14.1:testCompile (default-testCompile) @ nikat-api ---
[INFO] No sources to compile
[INFO] 
[INFO] --- surefire:3.5.5:test (default-test) @ nikat-api ---
[INFO] Tests are skipped.
[INFO] 
[INFO] --- jar:3.4.2:jar (default-jar) @ nikat-api ---
[INFO] Building jar: E:\My folder\Education\Git\Nikat\backend\target\nikat-api-0.0.1-SNAPSHOT.jar
[INFO] 
[INFO] --- spring-boot:4.0.4:repackage (repackage) @ nikat-api ---
[INFO] Replacing main artifact E:\My folder\Education\Git\Nikat\backend\target\nikat-api-0.0.1-SNAPSHOT.jar with repackaged archive, adding nested dependencies in BOOT-INF/.
[INFO] The original artifact has been renamed to E:\My folder\Education\Git\Nikat\backend\target\nikat-api-0.0.1-SNAPSHOT.jar.original
[INFO] 
[INFO] --- install:3.1.4:install (default-install) @ nikat-api ---
[INFO] Downloading from central: https://repo.maven.apache.org/maven2/org/apache/maven/resolver/maven-resolver-util/1.9.22/maven-resolver-util-1.9.22.pom
[INFO] Downloaded from central: https://repo.maven.apache.org/maven2/org/apache/maven/resolver/maven-resolver-util/1.9.22/maven-resolver-util-1.9.22.pom (2.2 kB at 7.6 kB/s)
[INFO] Downloading from central: https://repo.maven.apache.org/maven2/org/apache/maven/resolver/maven-resolver/1.9.22/maven-resolver-1.9.22.pom
[INFO] Downloaded from central: https://repo.maven.apache.org/maven2/org/apache/maven/resolver/maven-resolver/1.9.22/maven-resolver-1.9.22.pom (23 kB at 758 kB/s)
[INFO] Downloading from central: https://repo.maven.apache.org/maven2/org/apache/maven/resolver/maven-resolver-api/1.9.22/maven-resolver-api-1.9.22.pom
[INFO] Downloaded from central: https://repo.maven.apache.org/maven2/org/apache/maven/resolver/maven-resolver-api/1.9.22/maven-resolver-api-1.9.22.pom (2.2 kB at 63 kB/s)
[INFO] Downloading from central: https://repo.maven.apache.org/maven2/org/apache/maven/resolver/maven-resolver-util/1.9.22/maven-resolver-util-1.9.22.jar
[INFO] Downloaded from central: https://repo.maven.apache.org/maven2/org/apache/maven/resolver/maven-resolver-util/1.9.22/maven-resolver-util-1.9.22.jar (196 kB at 3.1 MB/s)
[INFO] Downloading from central: https://repo.maven.apache.org/maven2/org/apache/maven/resolver/maven-resolver-api/1.9.22/maven-resolver-api-1.9.22.jar
[INFO] Downloaded from central: https://repo.maven.apache.org/maven2/org/apache/maven/resolver/maven-resolver-api/1.9.22/maven-resolver-api-1.9.22.jar (157 kB at 3.6 MB/s)
[INFO] Installing E:\My folder\Education\Git\Nikat\backend\pom.xml to C:\Users\umesh\.m2\repository\com\nikat\nikat-api\0.0.1-SNAPSHOT\nikat-api-0.0.1-SNAPSHOT.pom
[INFO] Installing E:\My folder\Education\Git\Nikat\backend\target\nikat-api-0.0.1-SNAPSHOT.jar to C:\Users\umesh\.m2\repository\com\nikat\nikat-api\0.0.1-SNAPSHOT\nikat-api-0.0.1-SNAPSHOT.jar
[INFO] ------------------------------------------------------------------------
[INFO] BUILD SUCCESS
[INFO] ------------------------------------------------------------------------
[INFO] Total time:  8.745 s
[INFO] Finished at: 2026-03-27T17:34:38+05:30
[INFO] ------------------------------------------------------------------------
